<?xml version="1.0" encoding="UTF-8"?>
<!-- Generated by org.testng.reporters.JUnitXMLReporter -->
<testsuite ignored="8" hostname="WBOX62" failures="0" tests="2" name="Test" time="126.119" errors="0" timestamp="2024-03-09T15:11:35 IST">
  <testcase classname="Resources.BDEClass" name="getLogin" time="13.274"/>
  <testcase classname="Resources.BDEClass" name="addLeadComapnyDeatail" time="74.032"/>
  <testcase classname="Resources.BaseClass" name="@BeforeTest ExtentReport" time="0.0">
    <ignored/>
  </testcase> <!-- @BeforeTest ExtentReport -->
  <testcase classname="Resources.BaseClass" name="@AfterTest endReport" time="0.0">
    <ignored/>
  </testcase> <!-- @AfterTest endReport -->
  <testcase classname="Resources.BaseClass" name="@AfterSuite globalTeardown" time="0.0">
    <ignored/>
  </testcase> <!-- @AfterSuite globalTeardown -->
  <testcase classname="Resources.BaseClass" name="@BeforeSuite setUp" time="0.0">
    <ignored/>
  </testcase> <!-- @BeforeSuite setUp -->
  <testcase classname="Resources.BaseClass" name="@AfterSuite globalTeardown" time="0.0">
    <ignored/>
  </testcase> <!-- @AfterSuite globalTeardown -->
  <testcase classname="Resources.BaseClass" name="@BeforeTest ExtentReport" time="0.0">
    <ignored/>
  </testcase> <!-- @BeforeTest ExtentReport -->
  <testcase classname="Resources.BaseClass" name="@AfterTest endReport" time="0.0">
    <ignored/>
  </testcase> <!-- @AfterTest endReport -->
  <testcase classname="Resources.BaseClass" name="@BeforeSuite setUp" time="0.0">
    <ignored/>
  </testcase> <!-- @BeforeSuite setUp -->
</testsuite> <!-- Test -->
