<?xml version="1.0" encoding="UTF-8"?>
<!-- Generated by org.testng.reporters.JUnitXMLReporter -->
<testsuite ignored="4" hostname="WBOX62" failures="2" tests="5" name="Test1" time="215.459" errors="0" timestamp="2024-03-09T17:06:46 IST">
  <testcase classname="Resources.BaseClass" name="@BeforeClass setUp" time="18.875">
    <failure type="org.openqa.selenium.WebDriverException" message="An unknown server-side error occurred while processing the command. Original error: The expected screen record file &amp;apos;/sdcard/8cc00cff.mp4&amp;apos; does not exist after 5000ms. Is screenrecord utility available and operational on the device under test?
Build info: version: &amp;apos;4.16.1&amp;apos;, revision: &amp;apos;9b4c83354e&amp;apos;
System info: os.name: &amp;apos;Windows 10&amp;apos;, os.arch: &amp;apos;amd64&amp;apos;, os.version: &amp;apos;10.0&amp;apos;, java.version: &amp;apos;17.0.6&amp;apos;
Driver info: io.appium.java_client.android.AndroidDriver
Command: [e488f9de-220a-4adc-89a5-93ca8c502461, startRecordingScreen {}]
Capabilities {appium:appActivity: com.ssi.agroworlds.view.ui...., appium:appPackage: com.ssi.agroworlds, appium:automationName: UiAutomator2, appium:databaseEnabled: false, appium:desired: {appActivity: com.ssi.agroworlds.view.ui...., appPackage: com.ssi.agroworlds, automationName: UiAutomator2, deviceName: vivo Y12G, platformName: ANDROID, platformVersion: 11, recordVideo: true, udid: 30808950190017F}, appium:deviceApiLevel: 30, appium:deviceManufacturer: vivo, appium:deviceModel: V2068, appium:deviceName: 30808950190017F, appium:deviceScreenDensity: 300, appium:deviceScreenSize: 720x1600, appium:deviceUDID: 30808950190017F, appium:javascriptEnabled: true, appium:locationContextEnabled: false, appium:networkConnectionEnabled: true, appium:pixelRatio: 1.875, appium:platformVersion: 11, appium:recordVideo: true, appium:statBarHeight: 62, appium:takesScreenshot: true, appium:udid: 30808950190017F, appium:viewportRect: {height: 1413, left: 0, top: 62, width: 720}, appium:warnings: {}, appium:webStorageEnabled: false, platformName: ANDROID}
Session ID: e488f9de-220a-4adc-89a5-93ca8c502461">
      <![CDATA[org.openqa.selenium.WebDriverException: An unknown server-side error occurred while processing the command. Original error: The expected screen record file '/sdcard/8cc00cff.mp4' does not exist after 5000ms. Is screenrecord utility available and operational on the device under test?
Build info: version: '4.16.1', revision: '9b4c83354e'
System info: os.name: 'Windows 10', os.arch: 'amd64', os.version: '10.0', java.version: '17.0.6'
Driver info: io.appium.java_client.android.AndroidDriver
Command: [e488f9de-220a-4adc-89a5-93ca8c502461, startRecordingScreen {}]
Capabilities {appium:appActivity: com.ssi.agroworlds.view.ui...., appium:appPackage: com.ssi.agroworlds, appium:automationName: UiAutomator2, appium:databaseEnabled: false, appium:desired: {appActivity: com.ssi.agroworlds.view.ui...., appPackage: com.ssi.agroworlds, automationName: UiAutomator2, deviceName: vivo Y12G, platformName: ANDROID, platformVersion: 11, recordVideo: true, udid: 30808950190017F}, appium:deviceApiLevel: 30, appium:deviceManufacturer: vivo, appium:deviceModel: V2068, appium:deviceName: 30808950190017F, appium:deviceScreenDensity: 300, appium:deviceScreenSize: 720x1600, appium:deviceUDID: 30808950190017F, appium:javascriptEnabled: true, appium:locationContextEnabled: false, appium:networkConnectionEnabled: true, appium:pixelRatio: 1.875, appium:platformVersion: 11, appium:recordVideo: true, appium:statBarHeight: 62, appium:takesScreenshot: true, appium:udid: 30808950190017F, appium:viewportRect: {height: 1413, left: 0, top: 62, width: 720}, appium:warnings: {}, appium:webStorageEnabled: false, platformName: ANDROID}
Session ID: e488f9de-220a-4adc-89a5-93ca8c502461
at org.openqa.selenium.remote.codec.w3c.W3CHttpResponseCodec.createException(W3CHttpResponseCodec.java:200)
at org.openqa.selenium.remote.codec.w3c.W3CHttpResponseCodec.decode(W3CHttpResponseCodec.java:133)
at org.openqa.selenium.remote.codec.w3c.W3CHttpResponseCodec.decode(W3CHttpResponseCodec.java:52)
at org.openqa.selenium.remote.HttpCommandExecutor.execute(HttpCommandExecutor.java:191)
at io.appium.java_client.remote.AppiumCommandExecutor.execute(AppiumCommandExecutor.java:238)
at org.openqa.selenium.remote.RemoteWebDriver.execute(RemoteWebDriver.java:523)
at org.openqa.selenium.remote.RemoteWebDriver.execute(RemoteWebDriver.java:596)
at io.appium.java_client.AppiumDriver.execute(AppiumDriver.java:307)
at io.appium.java_client.screenrecording.CanRecordScreen.startRecordingScreen(CanRecordScreen.java:48)
at screenRecording.MobileScreenRecordingUtil.startRecordingScreen(MobileScreenRecordingUtil.java:14)
at Resources.BaseClass.setUp(BaseClass.java:108)
at java.base/java.util.ArrayList.forEach(ArrayList.java:1511)
at java.base/java.util.concurrent.FutureTask.run(FutureTask.java:264)
at java.base/java.util.concurrent.ThreadPoolExecutor.runWorker(ThreadPoolExecutor.java:1136)
at java.base/java.util.concurrent.ThreadPoolExecutor$Worker.run(ThreadPoolExecutor.java:635)
at java.base/java.lang.Thread.run(Thread.java:833)
... Removed 20 stack frames]]>
    </failure>
  </testcase> <!-- @BeforeClass setUp -->
  <testcase classname="Resources.BDEClass" name="@BeforeMethod initializeUtility" time="0.0">
    <skipped/>
  </testcase> <!-- @BeforeMethod initializeUtility -->
  <testcase classname="Resources.BDEClass" name="@BeforeMethod initializeUtility" time="0.0">
    <skipped/>
  </testcase> <!-- @BeforeMethod initializeUtility -->
  <testcase classname="Resources.BaseClass" name="@AfterTest endReport" time="0.0">
    <skipped/>
  </testcase> <!-- @AfterTest endReport -->
  <testcase classname="Resources.BDEClass" name="getLogin" time="0.0">
    <skipped/>
  </testcase> <!-- getLogin -->
  <testcase classname="Resources.BDMClass" name="getLogin" time="9.878"/>
  <testcase classname="Resources.BDMClass" name="potentialConversionRequestAccept" time="45.108">
    <failure type="org.openqa.selenium.NoSuchElementException" message="An element could not be located on the page using the given search parameters.
For documentation on this error, please visit: https://www.selenium.dev/documentation/webdriver/troubleshooting/errors#no-such-element-exception
Build info: version: &amp;apos;4.16.1&amp;apos;, revision: &amp;apos;9b4c83354e&amp;apos;
System info: os.name: &amp;apos;Windows 10&amp;apos;, os.arch: &amp;apos;amd64&amp;apos;, os.version: &amp;apos;10.0&amp;apos;, java.version: &amp;apos;17.0.6&amp;apos;
Driver info: io.appium.java_client.android.AndroidDriver
Command: [e45e1ffe-bb01-47bd-8755-af273b91a0f7, findElement {using=-android uiautomator, value=new UiScrollable(new UiSelector().scrollable(true).instance(0)).scrollIntoView(new UiSelector().text(&amp;quot;Conversion Request&amp;quot;).instance(0))}]
Capabilities {appium:appActivity: com.ssi.agroworlds.view.ui...., appium:appPackage: com.ssi.agroworlds, appium:automationName: UiAutomator2, appium:databaseEnabled: false, appium:desired: {appActivity: com.ssi.agroworlds.view.ui...., appPackage: com.ssi.agroworlds, automationName: UiAutomator2, deviceName: Vivo Y36, platformName: ANDROID, platformVersion: 13, recordVideo: true, udid: 10BDB70PG4000XX}, appium:deviceApiLevel: 33, appium:deviceManufacturer: vivo, appium:deviceModel: V2247, appium:deviceName: 10BDB70PG4000XX, appium:deviceScreenDensity: 440, appium:deviceScreenSize: 1080x2388, appium:deviceUDID: 10BDB70PG4000XX, appium:javascriptEnabled: true, appium:locationContextEnabled: false, appium:networkConnectionEnabled: true, appium:pixelRatio: 2.75, appium:platformVersion: 13, appium:recordVideo: true, appium:statBarHeight: 99, appium:takesScreenshot: true, appium:udid: 10BDB70PG4000XX, appium:viewportRect: {height: 2289, left: 0, top: 99, width: 1080}, appium:warnings: {}, appium:webStorageEnabled: false, platformName: ANDROID}
Session ID: e45e1ffe-bb01-47bd-8755-af273b91a0f7">
      <![CDATA[org.openqa.selenium.NoSuchElementException: An element could not be located on the page using the given search parameters.
For documentation on this error, please visit: https://www.selenium.dev/documentation/webdriver/troubleshooting/errors#no-such-element-exception
Build info: version: '4.16.1', revision: '9b4c83354e'
System info: os.name: 'Windows 10', os.arch: 'amd64', os.version: '10.0', java.version: '17.0.6'
Driver info: io.appium.java_client.android.AndroidDriver
Command: [e45e1ffe-bb01-47bd-8755-af273b91a0f7, findElement {using=-android uiautomator, value=new UiScrollable(new UiSelector().scrollable(true).instance(0)).scrollIntoView(new UiSelector().text("Conversion Request").instance(0))}]
Capabilities {appium:appActivity: com.ssi.agroworlds.view.ui...., appium:appPackage: com.ssi.agroworlds, appium:automationName: UiAutomator2, appium:databaseEnabled: false, appium:desired: {appActivity: com.ssi.agroworlds.view.ui...., appPackage: com.ssi.agroworlds, automationName: UiAutomator2, deviceName: Vivo Y36, platformName: ANDROID, platformVersion: 13, recordVideo: true, udid: 10BDB70PG4000XX}, appium:deviceApiLevel: 33, appium:deviceManufacturer: vivo, appium:deviceModel: V2247, appium:deviceName: 10BDB70PG4000XX, appium:deviceScreenDensity: 440, appium:deviceScreenSize: 1080x2388, appium:deviceUDID: 10BDB70PG4000XX, appium:javascriptEnabled: true, appium:locationContextEnabled: false, appium:networkConnectionEnabled: true, appium:pixelRatio: 2.75, appium:platformVersion: 13, appium:recordVideo: true, appium:statBarHeight: 99, appium:takesScreenshot: true, appium:udid: 10BDB70PG4000XX, appium:viewportRect: {height: 2289, left: 0, top: 99, width: 1080}, appium:warnings: {}, appium:webStorageEnabled: false, platformName: ANDROID}
Session ID: e45e1ffe-bb01-47bd-8755-af273b91a0f7
at org.openqa.selenium.remote.codec.w3c.W3CHttpResponseCodec.createException(W3CHttpResponseCodec.java:200)
at org.openqa.selenium.remote.codec.w3c.W3CHttpResponseCodec.decode(W3CHttpResponseCodec.java:133)
at org.openqa.selenium.remote.codec.w3c.W3CHttpResponseCodec.decode(W3CHttpResponseCodec.java:52)
at org.openqa.selenium.remote.HttpCommandExecutor.execute(HttpCommandExecutor.java:191)
at io.appium.java_client.remote.AppiumCommandExecutor.execute(AppiumCommandExecutor.java:238)
at org.openqa.selenium.remote.RemoteWebDriver.execute(RemoteWebDriver.java:523)
at org.openqa.selenium.remote.ElementLocation$ElementFinder$2.findElement(ElementLocation.java:165)
at org.openqa.selenium.remote.ElementLocation.findElement(ElementLocation.java:66)
at org.openqa.selenium.remote.RemoteWebDriver.findElement(RemoteWebDriver.java:360)
at org.openqa.selenium.remote.RemoteWebDriver.findElement(RemoteWebDriver.java:354)
at Resources.BDMClass.potentialConversionRequestAccept(BDMClass.java:48)
at java.base/java.util.ArrayList.forEach(ArrayList.java:1511)
at java.base/java.util.concurrent.FutureTask.run(FutureTask.java:264)
at java.base/java.util.concurrent.ThreadPoolExecutor.runWorker(ThreadPoolExecutor.java:1136)
at java.base/java.util.concurrent.ThreadPoolExecutor$Worker.run(ThreadPoolExecutor.java:635)
at java.base/java.lang.Thread.run(Thread.java:833)
... Removed 22 stack frames]]>
    </failure>
  </testcase> <!-- potentialConversionRequestAccept -->
  <testcase classname="Resources.BDEClass" name="addLeadComapnyDeatail" time="0.0">
    <skipped/>
  </testcase> <!-- addLeadComapnyDeatail -->
  <testcase classname="Resources.BDMClass" name="addMeetingForPotential" time="39.771">
    <failure type="org.openqa.selenium.NoSuchElementException" message="An element could not be located on the page using the given search parameters.
For documentation on this error, please visit: https://www.selenium.dev/documentation/webdriver/troubleshooting/errors#no-such-element-exception
Build info: version: &amp;apos;4.16.1&amp;apos;, revision: &amp;apos;9b4c83354e&amp;apos;
System info: os.name: &amp;apos;Windows 10&amp;apos;, os.arch: &amp;apos;amd64&amp;apos;, os.version: &amp;apos;10.0&amp;apos;, java.version: &amp;apos;17.0.6&amp;apos;
Driver info: io.appium.java_client.android.AndroidDriver
Command: [e45e1ffe-bb01-47bd-8755-af273b91a0f7, findElement {using=-android uiautomator, value=new UiScrollable(new UiSelector().scrollable(true).instance(0)).scrollBackward()}]
Capabilities {appium:appActivity: com.ssi.agroworlds.view.ui...., appium:appPackage: com.ssi.agroworlds, appium:automationName: UiAutomator2, appium:databaseEnabled: false, appium:desired: {appActivity: com.ssi.agroworlds.view.ui...., appPackage: com.ssi.agroworlds, automationName: UiAutomator2, deviceName: Vivo Y36, platformName: ANDROID, platformVersion: 13, recordVideo: true, udid: 10BDB70PG4000XX}, appium:deviceApiLevel: 33, appium:deviceManufacturer: vivo, appium:deviceModel: V2247, appium:deviceName: 10BDB70PG4000XX, appium:deviceScreenDensity: 440, appium:deviceScreenSize: 1080x2388, appium:deviceUDID: 10BDB70PG4000XX, appium:javascriptEnabled: true, appium:locationContextEnabled: false, appium:networkConnectionEnabled: true, appium:pixelRatio: 2.75, appium:platformVersion: 13, appium:recordVideo: true, appium:statBarHeight: 99, appium:takesScreenshot: true, appium:udid: 10BDB70PG4000XX, appium:viewportRect: {height: 2289, left: 0, top: 99, width: 1080}, appium:warnings: {}, appium:webStorageEnabled: false, platformName: ANDROID}
Session ID: e45e1ffe-bb01-47bd-8755-af273b91a0f7">
      <![CDATA[org.openqa.selenium.NoSuchElementException: An element could not be located on the page using the given search parameters.
For documentation on this error, please visit: https://www.selenium.dev/documentation/webdriver/troubleshooting/errors#no-such-element-exception
Build info: version: '4.16.1', revision: '9b4c83354e'
System info: os.name: 'Windows 10', os.arch: 'amd64', os.version: '10.0', java.version: '17.0.6'
Driver info: io.appium.java_client.android.AndroidDriver
Command: [e45e1ffe-bb01-47bd-8755-af273b91a0f7, findElement {using=-android uiautomator, value=new UiScrollable(new UiSelector().scrollable(true).instance(0)).scrollBackward()}]
Capabilities {appium:appActivity: com.ssi.agroworlds.view.ui...., appium:appPackage: com.ssi.agroworlds, appium:automationName: UiAutomator2, appium:databaseEnabled: false, appium:desired: {appActivity: com.ssi.agroworlds.view.ui...., appPackage: com.ssi.agroworlds, automationName: UiAutomator2, deviceName: Vivo Y36, platformName: ANDROID, platformVersion: 13, recordVideo: true, udid: 10BDB70PG4000XX}, appium:deviceApiLevel: 33, appium:deviceManufacturer: vivo, appium:deviceModel: V2247, appium:deviceName: 10BDB70PG4000XX, appium:deviceScreenDensity: 440, appium:deviceScreenSize: 1080x2388, appium:deviceUDID: 10BDB70PG4000XX, appium:javascriptEnabled: true, appium:locationContextEnabled: false, appium:networkConnectionEnabled: true, appium:pixelRatio: 2.75, appium:platformVersion: 13, appium:recordVideo: true, appium:statBarHeight: 99, appium:takesScreenshot: true, appium:udid: 10BDB70PG4000XX, appium:viewportRect: {height: 2289, left: 0, top: 99, width: 1080}, appium:warnings: {}, appium:webStorageEnabled: false, platformName: ANDROID}
Session ID: e45e1ffe-bb01-47bd-8755-af273b91a0f7
at org.openqa.selenium.remote.codec.w3c.W3CHttpResponseCodec.createException(W3CHttpResponseCodec.java:200)
at org.openqa.selenium.remote.codec.w3c.W3CHttpResponseCodec.decode(W3CHttpResponseCodec.java:133)
at org.openqa.selenium.remote.codec.w3c.W3CHttpResponseCodec.decode(W3CHttpResponseCodec.java:52)
at org.openqa.selenium.remote.HttpCommandExecutor.execute(HttpCommandExecutor.java:191)
at io.appium.java_client.remote.AppiumCommandExecutor.execute(AppiumCommandExecutor.java:238)
at org.openqa.selenium.remote.RemoteWebDriver.execute(RemoteWebDriver.java:523)
at org.openqa.selenium.remote.ElementLocation$ElementFinder$2.findElement(ElementLocation.java:165)
at org.openqa.selenium.remote.ElementLocation.findElement(ElementLocation.java:59)
at org.openqa.selenium.remote.RemoteWebDriver.findElement(RemoteWebDriver.java:360)
at org.openqa.selenium.remote.RemoteWebDriver.findElement(RemoteWebDriver.java:354)
at utility.Utility.scrollUp(Utility.java:335)
at Resources.BDMClass.addMeetingForPotential(BDMClass.java:81)
at java.base/java.util.ArrayList.forEach(ArrayList.java:1511)
at java.base/java.util.concurrent.FutureTask.run(FutureTask.java:264)
at java.base/java.util.concurrent.ThreadPoolExecutor.runWorker(ThreadPoolExecutor.java:1136)
at java.base/java.util.concurrent.ThreadPoolExecutor$Worker.run(ThreadPoolExecutor.java:635)
at java.base/java.lang.Thread.run(Thread.java:833)
... Removed 22 stack frames]]>
    </failure>
  </testcase> <!-- addMeetingForPotential -->
  <testcase classname="Resources.BaseClass" name="@BeforeTest ExtentReport" time="0.0">
    <ignored/>
  </testcase> <!-- @BeforeTest ExtentReport -->
  <testcase classname="Resources.BaseClass" name="@BeforeTest ExtentReport" time="0.0">
    <ignored/>
  </testcase> <!-- @BeforeTest ExtentReport -->
  <testcase classname="Resources.BaseClass" name="@AfterTest endReport" time="0.0">
    <ignored/>
  </testcase> <!-- @AfterTest endReport -->
  <testcase classname="Resources.BaseClass" name="@AfterTest endReport" time="0.0">
    <ignored/>
  </testcase> <!-- @AfterTest endReport -->
</testsuite> <!-- Test1 -->
